 
****************************************
Report : area
Design : FAS
Version: Q-2019.12
Date   : Mon Dec  7 15:09:28 2020
****************************************

Library(s) Used:

    slow (File: /usr/cad/CBDK_IC_Contest_v2.1/SynopsysDC/db/slow.db)

Number of ports:                          554
Number of nets:                         31973
Number of cells:                        24995
Number of combinational cells:          23490
Number of sequential cells:              1503
Number of macros/black boxes:               0
Number of buf/inv:                       4008
Number of references:                     188

Combinational area:             483901.581608
Buf/Inv area:                    31003.011015
Noncombinational area:           63046.527367
Macro/Black Box area:                0.000000
Net Interconnect area:         2906974.667938

Total cell area:                546948.108975
Total area:                    3453922.776913
1
